2018-09-21 07:36:11  [3404] (Query failed) [You have an error in your SQL syntax; check the manual that corresponds to your MySQL server version for the right syntax to use near 'PRAGMA journal_mode=WAL' at line 1] PRAGMA journal_mode=WAL
2018-09-21 07:36:11  [3404] (Query failed) [You have an error in your SQL syntax; check the manual that corresponds to your MySQL server version for the right syntax to use near 'PRAGMA foreign_keys=ON' at line 1] PRAGMA foreign_keys=ON
2018-09-21 07:36:11  [3404] (Query failed) [You have an error in your SQL syntax; check the manual that corresponds to your MySQL server version for the right syntax to use near 'PRAGMA busy_timeout=5000' at line 1] PRAGMA busy_timeout=5000
2018-09-21 07:36:11  [3404] (Query failed) [You have an error in your SQL syntax; check the manual that corresponds to your MySQL server version for the right syntax to use near 'PRAGMA synchronous=NORMAL' at line 1] PRAGMA synchronous=NORMAL
2018-09-21 07:36:12  [3404] SELECT `userId`,`username`,`password`,`name` FROM `tablet` t0
2018-09-21 07:36:20  [700] SELECT `userId`,`username`,`password`,`name` FROM `tablet` t0
2018-09-21 07:38:34  [6988] (Query failed) [You have an error in your SQL syntax; check the manual that corresponds to your MySQL server version for the right syntax to use near 'PRAGMA journal_mode=WAL' at line 1] PRAGMA journal_mode=WAL
2018-09-21 07:38:34  [6988] (Query failed) [You have an error in your SQL syntax; check the manual that corresponds to your MySQL server version for the right syntax to use near 'PRAGMA foreign_keys=ON' at line 1] PRAGMA foreign_keys=ON
2018-09-21 07:38:34  [6988] (Query failed) [You have an error in your SQL syntax; check the manual that corresponds to your MySQL server version for the right syntax to use near 'PRAGMA busy_timeout=5000' at line 1] PRAGMA busy_timeout=5000
2018-09-21 07:38:34  [6988] (Query failed) [You have an error in your SQL syntax; check the manual that corresponds to your MySQL server version for the right syntax to use near 'PRAGMA synchronous=NORMAL' at line 1] PRAGMA synchronous=NORMAL
2018-09-21 07:38:34  [6988] SELECT `userId`,`username`,`password`,`name` FROM `tablet` t0
2018-09-21 07:38:36  [6988] SELECT `userId`,`username`,`password`,`name` FROM `tablet` t0
2018-09-21 07:49:26  [9836] (Query failed) [You have an error in your SQL syntax; check the manual that corresponds to your MySQL server version for the right syntax to use near 'PRAGMA journal_mode=WAL' at line 1] PRAGMA journal_mode=WAL
2018-09-21 07:49:26  [9836] (Query failed) [You have an error in your SQL syntax; check the manual that corresponds to your MySQL server version for the right syntax to use near 'PRAGMA foreign_keys=ON' at line 1] PRAGMA foreign_keys=ON
2018-09-21 07:49:26  [9836] (Query failed) [You have an error in your SQL syntax; check the manual that corresponds to your MySQL server version for the right syntax to use near 'PRAGMA busy_timeout=5000' at line 1] PRAGMA busy_timeout=5000
2018-09-21 07:49:26  [9836] (Query failed) [You have an error in your SQL syntax; check the manual that corresponds to your MySQL server version for the right syntax to use near 'PRAGMA synchronous=NORMAL' at line 1] PRAGMA synchronous=NORMAL
2018-09-21 07:49:29  [9836] SELECT `userId`,`username`,`password`,`name` FROM `tablet` t0
2018-09-21 07:57:42  [5872] (Query failed) [You have an error in your SQL syntax; check the manual that corresponds to your MySQL server version for the right syntax to use near 'PRAGMA journal_mode=WAL' at line 1] PRAGMA journal_mode=WAL
2018-09-21 07:57:42  [5872] (Query failed) [You have an error in your SQL syntax; check the manual that corresponds to your MySQL server version for the right syntax to use near 'PRAGMA foreign_keys=ON' at line 1] PRAGMA foreign_keys=ON
2018-09-21 07:57:42  [5872] (Query failed) [You have an error in your SQL syntax; check the manual that corresponds to your MySQL server version for the right syntax to use near 'PRAGMA busy_timeout=5000' at line 1] PRAGMA busy_timeout=5000
2018-09-21 07:57:42  [5872] (Query failed) [You have an error in your SQL syntax; check the manual that corresponds to your MySQL server version for the right syntax to use near 'PRAGMA synchronous=NORMAL' at line 1] PRAGMA synchronous=NORMAL
2018-09-21 07:57:42  [5872] INSERT INTO tablet (`username`, `password`, `name`) VALUES ('', '', '')
2018-09-21 07:57:43  [5872] SELECT `userId`,`username`,`password`,`name` FROM `tablet` t0 WHERE t0.`userId`=1 LIMIT 1
2018-09-21 07:57:46  [5872] SELECT `userId`,`username`,`password`,`name` FROM `tablet` t0 WHERE t0.`userId`=1 LIMIT 1
2018-09-21 07:57:48  [5872] SELECT `userId`,`username`,`password`,`name` FROM `tablet` t0
2018-09-21 07:57:54  [5872] SELECT `userId`,`username`,`password`,`name` FROM `tablet` t0 WHERE t0.`userId`=1 LIMIT 1
2018-09-21 07:57:55  [5872] DELETE FROM tablet WHERE userId=1
2018-09-21 07:57:55  [5872] SELECT `userId`,`username`,`password`,`name` FROM `tablet` t0
2018-09-21 08:40:12  [9440] (Query failed) [You have an error in your SQL syntax; check the manual that corresponds to your MySQL server version for the right syntax to use near 'PRAGMA journal_mode=WAL' at line 1] PRAGMA journal_mode=WAL
2018-09-21 08:40:12  [9440] (Query failed) [You have an error in your SQL syntax; check the manual that corresponds to your MySQL server version for the right syntax to use near 'PRAGMA foreign_keys=ON' at line 1] PRAGMA foreign_keys=ON
2018-09-21 08:40:12  [9440] (Query failed) [You have an error in your SQL syntax; check the manual that corresponds to your MySQL server version for the right syntax to use near 'PRAGMA busy_timeout=5000' at line 1] PRAGMA busy_timeout=5000
2018-09-21 08:40:12  [9440] (Query failed) [You have an error in your SQL syntax; check the manual that corresponds to your MySQL server version for the right syntax to use near 'PRAGMA synchronous=NORMAL' at line 1] PRAGMA synchronous=NORMAL
2018-09-21 08:40:12  [9440] SELECT `userId`,`username`,`password`,`name` FROM `tablet` t0
2018-09-21 08:41:49  [1604] (Query failed) [You have an error in your SQL syntax; check the manual that corresponds to your MySQL server version for the right syntax to use near 'PRAGMA journal_mode=WAL' at line 1] PRAGMA journal_mode=WAL
2018-09-21 08:41:49  [1604] (Query failed) [You have an error in your SQL syntax; check the manual that corresponds to your MySQL server version for the right syntax to use near 'PRAGMA foreign_keys=ON' at line 1] PRAGMA foreign_keys=ON
2018-09-21 08:41:49  [1604] (Query failed) [You have an error in your SQL syntax; check the manual that corresponds to your MySQL server version for the right syntax to use near 'PRAGMA busy_timeout=5000' at line 1] PRAGMA busy_timeout=5000
2018-09-21 08:41:49  [1604] (Query failed) [You have an error in your SQL syntax; check the manual that corresponds to your MySQL server version for the right syntax to use near 'PRAGMA synchronous=NORMAL' at line 1] PRAGMA synchronous=NORMAL
2018-09-21 08:41:49  [1604] SELECT `userId`,`username`,`password`,`name` FROM `tablet` t0
2018-09-21 08:41:52  [1604] SELECT `userId`,`username`,`password`,`name` FROM `tablet` t0
2018-09-21 09:01:39  [10204] (Query failed) [You have an error in your SQL syntax; check the manual that corresponds to your MySQL server version for the right syntax to use near 'PRAGMA journal_mode=WAL' at line 1] PRAGMA journal_mode=WAL
2018-09-21 09:01:39  [10204] (Query failed) [You have an error in your SQL syntax; check the manual that corresponds to your MySQL server version for the right syntax to use near 'PRAGMA foreign_keys=ON' at line 1] PRAGMA foreign_keys=ON
2018-09-21 09:01:39  [10204] (Query failed) [You have an error in your SQL syntax; check the manual that corresponds to your MySQL server version for the right syntax to use near 'PRAGMA busy_timeout=5000' at line 1] PRAGMA busy_timeout=5000
2018-09-21 09:01:39  [10204] (Query failed) [You have an error in your SQL syntax; check the manual that corresponds to your MySQL server version for the right syntax to use near 'PRAGMA synchronous=NORMAL' at line 1] PRAGMA synchronous=NORMAL
2018-09-21 09:01:39  [10204] SELECT `userId`,`username`,`password`,`name` FROM `tablet` t0
2018-09-21 09:01:46  [10204] SELECT `userId`,`username`,`password`,`name` FROM `tablet` t0
2018-09-21 09:02:13  [8636] SELECT `userId`,`username`,`password`,`name` FROM `tablet` t0
2018-09-21 09:02:14  [8636] SELECT `userId`,`username`,`password`,`name` FROM `tablet` t0
2018-09-21 09:02:14  [8636] SELECT `userId`,`username`,`password`,`name` FROM `tablet` t0
2018-09-21 09:03:23  [9344] (Query failed) [You have an error in your SQL syntax; check the manual that corresponds to your MySQL server version for the right syntax to use near 'PRAGMA journal_mode=WAL' at line 1] PRAGMA journal_mode=WAL
2018-09-21 09:03:23  [9344] (Query failed) [You have an error in your SQL syntax; check the manual that corresponds to your MySQL server version for the right syntax to use near 'PRAGMA foreign_keys=ON' at line 1] PRAGMA foreign_keys=ON
2018-09-21 09:03:23  [9344] (Query failed) [You have an error in your SQL syntax; check the manual that corresponds to your MySQL server version for the right syntax to use near 'PRAGMA busy_timeout=5000' at line 1] PRAGMA busy_timeout=5000
2018-09-21 09:03:23  [9344] (Query failed) [You have an error in your SQL syntax; check the manual that corresponds to your MySQL server version for the right syntax to use near 'PRAGMA synchronous=NORMAL' at line 1] PRAGMA synchronous=NORMAL
2018-09-21 09:03:23  [9344] SELECT `userId`,`username`,`password`,`name` FROM `tablet` t0
